  [4;36;1mSQL (0.2ms)[0m   [0;1m SELECT name
 FROM sqlite_master
 WHERE type = 'table' AND NOT name = 'sqlite_sequence'
[0m
  [4;35;1mSQL (0.1ms)[0m   [0mselect sqlite_version(*)[0m
  [4;36;1mSQL (3.0ms)[0m   [0;1mCREATE TABLE "schema_migrations" ("version" varchar(255) NOT NULL) [0m
  [4;35;1mSQL (2.3ms)[0m   [0mCREATE UNIQUE INDEX "unique_schema_migrations" ON "schema_migrations" ("version")[0m
  [4;36;1mSQL (0.1ms)[0m   [0;1m SELECT name
 FROM sqlite_master
 WHERE type = 'table' AND NOT name = 'sqlite_sequence'
[0m
  [4;35;1mSQL (0.1ms)[0m   [0mSELECT version FROM schema_migrations[0m
Migrating to CreateEvents (20090616143528)
  [4;36;1mSQL (0.3ms)[0m   [0;1mCREATE TABLE "events" ("id" INTEGER PRIMARY KEY AUTOINCREMENT NOT NULL, "name" varchar(255), "budget" decimal, "created_at" datetime, "updated_at" datetime) [0m
  [4;35;1mSQL (0.1ms)[0m   [0mINSERT INTO schema_migrations (version) VALUES ('20090616143528')[0m
  [4;36;1mSQL (0.2ms)[0m   [0;1m SELECT name
 FROM sqlite_master
 WHERE type = 'table' AND NOT name = 'sqlite_sequence'
[0m
  [4;35;1mSQL (0.1ms)[0m   [0mSELECT version FROM schema_migrations[0m
  [4;36;1mSQL (0.1ms)[0m   [0;1m SELECT name
 FROM sqlite_master
 WHERE type = 'table' AND NOT name = 'sqlite_sequence'
[0m
  [4;35;1mSQL (0.0ms)[0m   [0mPRAGMA index_list("events")[0m


Processing EventsController#index (for 127.0.0.1 at 2009-06-16 17:38:05) [GET]
  [4;36;1mEvent Load (0.3ms)[0m   [0;1mSELECT * FROM "events" [0m
Rendering template within layouts/events
Rendering events/index
Completed in 32ms (View: 29, DB: 0) | 200 OK [http://localhost/events]


Processing EventsController#index (for 127.0.0.1 at 2009-06-16 17:41:58) [GET]
  [4;35;1mEvent Load (0.3ms)[0m   [0mSELECT * FROM "events" [0m
Rendering template within layouts/events
Rendering events/index
Completed in 6ms (View: 3, DB: 0) | 200 OK [http://localhost/events]


Processing VendorsController#index (for 127.0.0.1 at 2009-06-16 17:42:02) [GET]
  [4;36;1mVendor Load (0.0ms)[0m   [0;1mSQLite3::SQLException: no such table: vendors: SELECT * FROM "vendors" [0m

ActiveRecord::StatementInvalid (SQLite3::SQLException: no such table: vendors: SELECT * FROM "vendors" ):
  app/controllers/vendors_controller.rb:5:in `index'

Rendered rescues/_trace (37.0ms)
Rendered rescues/_request_and_response (1.2ms)
Rendering rescues/layout (internal_server_error)
  [4;36;1mSQL (0.4ms)[0m   [0;1m SELECT name
 FROM sqlite_master
 WHERE type = 'table' AND NOT name = 'sqlite_sequence'
[0m
  [4;35;1mSQL (0.1ms)[0m   [0mSELECT version FROM schema_migrations[0m
Migrating to CreateEvents (20090616143528)
Migrating to CreateVendors (20090616144153)
  [4;36;1mSQL (0.1ms)[0m   [0;1mselect sqlite_version(*)[0m
  [4;35;1mSQL (0.4ms)[0m   [0mCREATE TABLE "vendors" ("id" INTEGER PRIMARY KEY AUTOINCREMENT NOT NULL, "name" varchar(255), "email" varchar(255), "created_at" datetime, "updated_at" datetime) [0m
  [4;36;1mSQL (0.1ms)[0m   [0;1mINSERT INTO schema_migrations (version) VALUES ('20090616144153')[0m
  [4;35;1mSQL (0.2ms)[0m   [0m SELECT name
 FROM sqlite_master
 WHERE type = 'table' AND NOT name = 'sqlite_sequence'
[0m
  [4;36;1mSQL (0.1ms)[0m   [0;1mSELECT version FROM schema_migrations[0m
  [4;35;1mSQL (0.2ms)[0m   [0m SELECT name
 FROM sqlite_master
 WHERE type = 'table' AND NOT name = 'sqlite_sequence'
[0m
  [4;36;1mSQL (0.0ms)[0m   [0;1mPRAGMA index_list("events")[0m
  [4;35;1mSQL (0.0ms)[0m   [0mPRAGMA index_list("vendors")[0m


Processing VendorsController#index (for 127.0.0.1 at 2009-06-16 17:42:34) [GET]
  [4;35;1mVendor Load (0.3ms)[0m   [0mSELECT * FROM "vendors" [0m
Rendering template within layouts/vendors
Rendering vendors/index
Completed in 12ms (View: 8, DB: 0) | 200 OK [http://localhost/vendors]


Processing EventsController#index (for 127.0.0.1 at 2009-06-16 17:44:47) [GET]
  [4;36;1mEvent Load (0.3ms)[0m   [0;1mSELECT * FROM "events" [0m
Rendering template within layouts/events
Rendering events/index
Completed in 5ms (View: 1, DB: 0) | 200 OK [http://localhost/events]


Processing EventsController#new (for 127.0.0.1 at 2009-06-16 17:44:49) [GET]
Rendering template within layouts/events
Rendering events/new
Completed in 48ms (View: 44, DB: 0) | 200 OK [http://localhost/events/new]


Processing EventsController#create (for 127.0.0.1 at 2009-06-16 17:44:54) [POST]
  Parameters: {"commit"=>"Create", "authenticity_token"=>"dbGTw7lWtLr89FC5zjcz0NZMzwI0NuAB54fqlOLbmhE=", "event"=>{"name"=>"test", "budget"=>"1"}}
  [4;35;1mEvent Create (0.4ms)[0m   [0mINSERT INTO "events" ("name", "updated_at", "budget", "created_at") VALUES('test', '2009-06-16 14:44:54', 1.0, '2009-06-16 14:44:54')[0m
Redirected to http://localhost:3000/events/1
Completed in 18ms (DB: 0) | 302 Found [http://localhost/events]


Processing EventsController#show (for 127.0.0.1 at 2009-06-16 17:44:54) [GET]
  Parameters: {"id"=>"1"}
  [4;36;1mEvent Load (0.2ms)[0m   [0;1mSELECT * FROM "events" WHERE ("events"."id" = 1) [0m
Rendering template within layouts/events
Rendering events/show
Completed in 9ms (View: 4, DB: 0) | 200 OK [http://localhost/events/1]


Processing EventsController#index (for 127.0.0.1 at 2009-06-16 17:44:57) [GET]
  [4;35;1mEvent Load (0.4ms)[0m   [0mSELECT * FROM "events" [0m
Rendering template within layouts/events
Rendering events/index
Completed in 6ms (View: 3, DB: 0) | 200 OK [http://localhost/events]


Processing EventsController#show (for 127.0.0.1 at 2009-06-16 17:44:59) [GET]
  Parameters: {"id"=>"1"}
  [4;36;1mEvent Load (0.2ms)[0m   [0;1mSELECT * FROM "events" WHERE ("events"."id" = 1) [0m
Rendering template within layouts/events
Rendering events/show
Completed in 6ms (View: 2, DB: 0) | 200 OK [http://localhost/events/1]
  [4;36;1mSQL (0.4ms)[0m   [0;1m SELECT name
 FROM sqlite_master
 WHERE type = 'table' AND NOT name = 'sqlite_sequence'
[0m
  [4;35;1mSQL (0.1ms)[0m   [0mSELECT version FROM schema_migrations[0m
Migrating to CreateEvents (20090616143528)
Migrating to CreateVendors (20090616144153)
  [4;36;1mSQL (0.1ms)[0m   [0;1mselect sqlite_version(*)[0m
  [4;35;1mSQL (0.2ms)[0m   [0m SELECT name
 FROM sqlite_master
 WHERE type = 'table' AND NOT name = 'sqlite_sequence'
[0m
  [4;36;1mSQL (0.1ms)[0m   [0;1mSELECT version FROM schema_migrations[0m
  [4;35;1mSQL (0.2ms)[0m   [0m SELECT name
 FROM sqlite_master
 WHERE type = 'table' AND NOT name = 'sqlite_sequence'
[0m
  [4;36;1mSQL (0.0ms)[0m   [0;1mPRAGMA index_list("events")[0m
  [4;35;1mSQL (0.0ms)[0m   [0mPRAGMA index_list("vendors")[0m
  [4;36;1mSQL (1.1ms)[0m   [0;1m SELECT name
 FROM sqlite_master
 WHERE type = 'table' AND NOT name = 'sqlite_sequence'
[0m
  [4;35;1mSQL (0.8ms)[0m   [0mSELECT version FROM schema_migrations[0m
Migrating to CreateEvents (20090616143528)
Migrating to CreateVendors (20090616144153)
Migrating to CreateExpenses (20090616200412)
  [4;36;1mSQL (0.2ms)[0m   [0;1mselect sqlite_version(*)[0m
  [4;35;1mSQL (0.8ms)[0m   [0mCREATE TABLE "expenses" ("id" INTEGER PRIMARY KEY AUTOINCREMENT NOT NULL, "event_id" integer, "vendor_id" integer, "amount" decimal, "created_at" datetime, "updated_at" datetime) [0m
  [4;36;1mSQL (0.2ms)[0m   [0;1mINSERT INTO schema_migrations (version) VALUES ('20090616200412')[0m
  [4;35;1mSQL (0.4ms)[0m   [0m SELECT name
 FROM sqlite_master
 WHERE type = 'table' AND NOT name = 'sqlite_sequence'
[0m
  [4;36;1mSQL (0.2ms)[0m   [0;1mSELECT version FROM schema_migrations[0m
  [4;35;1mSQL (0.3ms)[0m   [0m SELECT name
 FROM sqlite_master
 WHERE type = 'table' AND NOT name = 'sqlite_sequence'
[0m
  [4;36;1mSQL (0.1ms)[0m   [0;1mPRAGMA index_list("events")[0m
  [4;35;1mSQL (0.1ms)[0m   [0mPRAGMA index_list("expenses")[0m
  [4;36;1mSQL (0.1ms)[0m   [0;1mPRAGMA index_list("vendors")[0m


Processing ApplicationController#index (for 127.0.0.1 at 2009-06-16 23:36:13) [GET]

ActionController::RoutingError (No route matches "/event" with {:method=>:get}):
  

Rendering rescues/layout (not_found)


Processing EventsController#index (for 127.0.0.1 at 2009-06-16 23:36:16) [GET]
  [4;36;1mEvent Load (0.7ms)[0m   [0;1mSELECT * FROM "events" [0m
Rendering template within layouts/events
Rendering events/index
Completed in 135ms (View: 61, DB: 1) | 200 OK [http://0.0.0.0/events]


Processing EventsController#show (for 127.0.0.1 at 2009-06-16 23:36:20) [GET]
  Parameters: {"id"=>"1"}
  [4;35;1mEvent Load (0.2ms)[0m   [0mSELECT * FROM "events" WHERE ("events"."id" = 1) [0m
Rendering template within layouts/events
Rendering events/show
Completed in 27ms (View: 22, DB: 0) | 200 OK [http://0.0.0.0/events/1]


Processing EventsController#edit (for 127.0.0.1 at 2009-06-16 23:36:24) [GET]
  Parameters: {"id"=>"1"}
  [4;36;1mEvent Load (0.2ms)[0m   [0;1mSELECT * FROM "events" WHERE ("events"."id" = 1) [0m
Rendering template within layouts/events
Rendering events/edit
Completed in 11ms (View: 6, DB: 0) | 200 OK [http://0.0.0.0/events/1/edit]


Processing EventsController#index (for 127.0.0.1 at 2009-06-16 23:36:28) [GET]
  [4;35;1mEvent Load (0.5ms)[0m   [0mSELECT * FROM "events" [0m
Rendering template within layouts/events
Rendering events/index
Completed in 8ms (View: 3, DB: 1) | 200 OK [http://0.0.0.0/events]


Processing EventsController#show (for 127.0.0.1 at 2009-06-16 23:37:29) [GET]
  Parameters: {"id"=>"1"}
  [4;36;1mEvent Load (0.2ms)[0m   [0;1mSELECT * FROM "events" WHERE ("events"."id" = 1) [0m
Rendering template within layouts/events
Rendering events/show
Completed in 7ms (View: 2, DB: 0) | 200 OK [http://0.0.0.0/events/1]


Processing EventsController#index (for 127.0.0.1 at 2009-06-16 23:39:14) [GET]
  [4;35;1mEvent Load (0.4ms)[0m   [0mSELECT * FROM "events" [0m
Rendering template within layouts/events
Rendering events/index
Completed in 7ms (View: 3, DB: 0) | 200 OK [http://0.0.0.0/events]


Processing EventsController#show (for 127.0.0.1 at 2009-06-16 23:39:17) [GET]
  Parameters: {"id"=>"1"}
  [4;36;1mEvent Load (0.2ms)[0m   [0;1mSELECT * FROM "events" WHERE ("events"."id" = 1) [0m
Rendering template within layouts/events
Rendering events/show
  [4;35;1mSQL (0.3ms)[0m   [0mSELECT sum("expenses".amount) AS sum_amount FROM "expenses" WHERE ("expenses".event_id = 1) [0m
Completed in 65ms (View: 60, DB: 0) | 200 OK [http://0.0.0.0/events/1]


Processing ExpensesController#index (for 127.0.0.1 at 2009-06-16 23:39:30) [GET]

ActionController::UnknownAction (No action responded to index. Actions: ):
  

Rendering rescues/layout (not_found)


Processing ApplicationController#index (for 127.0.0.1 at 2009-06-16 23:39:37) [GET]

ActionController::RoutingError (No route matches "/expens" with {:method=>:get}):
  

Rendering rescues/layout (not_found)


Processing ExpensesController#index (for 127.0.0.1 at 2009-06-16 23:40:10) [GET]

ActionController::UnknownAction (No action responded to index. Actions: ):
  

Rendering rescues/layout (not_found)


Processing ExpensesController#index (for 127.0.0.1 at 2009-06-16 23:40:12) [GET]

ActionController::UnknownAction (No action responded to index. Actions: ):
  

Rendering rescues/layout (not_found)


Processing ApplicationController#index (for 127.0.0.1 at 2009-06-16 23:40:35) [GET]

ActionController::RoutingError (No route matches "/model" with {:method=>:get}):
  

Rendering rescues/layout (not_found)


Processing EventsController#index (for 127.0.0.1 at 2009-06-17 17:05:24) [GET]
  [4;36;1mEvent Load (1.1ms)[0m   [0;1mSELECT * FROM "events" [0m
Rendering template within layouts/events
Rendering events/index
Completed in 129ms (View: 82, DB: 1) | 200 OK [http://localhost/events]


Processing EventsController#index (for 127.0.0.1 at 2009-06-17 17:37:14) [GET]
  [4;35;1mEvent Load (0.4ms)[0m   [0mSELECT * FROM "events" [0m
Rendering template within layouts/events
Rendering events/index
Completed in 8ms (View: 3, DB: 0) | 200 OK [http://localhost/events]


Processing EventsController#show (for 127.0.0.1 at 2009-06-17 17:37:17) [GET]
  Parameters: {"id"=>"1"}
  [4;36;1mEvent Load (0.2ms)[0m   [0;1mSELECT * FROM "events" WHERE ("events"."id" = 1) [0m
Rendering template within layouts/events
Rendering events/show
  [4;35;1mSQL (0.2ms)[0m   [0mSELECT sum("expenses".amount) AS sum_amount FROM "expenses" WHERE ("expenses".event_id = 1) [0m
Completed in 74ms (View: 68, DB: 0) | 200 OK [http://localhost/events/1]


Processing EventsController#show (for 127.0.0.1 at 2009-06-17 17:37:24) [GET]
  Parameters: {"id"=>"1"}
  [4;36;1mEvent Load (0.2ms)[0m   [0;1mSELECT * FROM "events" WHERE ("events"."id" = 1) [0m
Rendering template within layouts/events
Rendering events/show
  [4;35;1mSQL (0.1ms)[0m   [0mSELECT sum("expenses".amount) AS sum_amount FROM "expenses" WHERE ("expenses".event_id = 1) [0m
Completed in 11ms (View: 5, DB: 0) | 200 OK [http://localhost/events/1]


Processing EventsController#show (for 127.0.0.1 at 2009-06-17 17:37:25) [GET]
  Parameters: {"id"=>"1"}
  [4;36;1mEvent Load (0.2ms)[0m   [0;1mSELECT * FROM "events" WHERE ("events"."id" = 1) [0m
Rendering template within layouts/events
Rendering events/show
  [4;35;1mSQL (0.2ms)[0m   [0mSELECT sum("expenses".amount) AS sum_amount FROM "expenses" WHERE ("expenses".event_id = 1) [0m
Completed in 55ms (View: 49, DB: 0) | 200 OK [http://localhost/events/1]


Processing EventsController#show (for 127.0.0.1 at 2009-06-17 17:37:45) [GET]
  Parameters: {"id"=>"1"}
  [4;36;1mEvent Load (0.3ms)[0m   [0;1mSELECT * FROM "events" WHERE ("events"."id" = 1) [0m
Rendering template within layouts/events
Rendering events/show
  [4;35;1mSQL (0.2ms)[0m   [0mSELECT sum("expenses".amount) AS sum_amount FROM "expenses" WHERE ("expenses".event_id = 1) [0m
Completed in 11ms (View: 5, DB: 0) | 200 OK [http://localhost/events/1]


Processing EventsController#show (for 127.0.0.1 at 2009-06-17 17:37:46) [GET]
  Parameters: {"id"=>"1"}
  [4;36;1mEvent Load (0.2ms)[0m   [0;1mSELECT * FROM "events" WHERE ("events"."id" = 1) [0m
Rendering template within layouts/events
Rendering events/show
  [4;35;1mSQL (0.2ms)[0m   [0mSELECT sum("expenses".amount) AS sum_amount FROM "expenses" WHERE ("expenses".event_id = 1) [0m
Completed in 12ms (View: 6, DB: 0) | 200 OK [http://localhost/events/1]


Processing EventsController#show (for 127.0.0.1 at 2009-06-17 17:37:47) [GET]
  Parameters: {"id"=>"1"}
  [4;36;1mEvent Load (0.2ms)[0m   [0;1mSELECT * FROM "events" WHERE ("events"."id" = 1) [0m
Rendering template within layouts/events
Rendering events/show
  [4;35;1mSQL (0.1ms)[0m   [0mSELECT sum("expenses".amount) AS sum_amount FROM "expenses" WHERE ("expenses".event_id = 1) [0m
Completed in 10ms (View: 5, DB: 0) | 200 OK [http://localhost/events/1]


Processing EventsController#show (for 127.0.0.1 at 2009-06-17 17:38:32) [GET]
  Parameters: {"id"=>"1"}
  [4;36;1mEvent Load (0.2ms)[0m   [0;1mSELECT * FROM "events" WHERE ("events"."id" = 1) [0m
Rendering template within layouts/events
Rendering events/show
  [4;35;1mSQL (0.2ms)[0m   [0mSELECT sum("expenses".amount) AS sum_amount FROM "expenses" WHERE ("expenses".event_id = 1) [0m
Completed in 72ms (View: 59, DB: 0) | 200 OK [http://localhost/events/1]


Processing EventsController#index (for 127.0.0.1 at 2009-06-17 17:38:37) [GET]
  [4;36;1mEvent Load (0.4ms)[0m   [0;1mSELECT * FROM "events" [0m
Rendering template within layouts/events
Rendering events/index
Completed in 13ms (View: 7, DB: 0) | 200 OK [http://localhost/events]


Processing EventsController#show (for 127.0.0.1 at 2009-06-17 17:38:39) [GET]
  Parameters: {"id"=>"1"}
  [4;35;1mEvent Load (0.2ms)[0m   [0mSELECT * FROM "events" WHERE ("events"."id" = 1) [0m
Rendering template within layouts/events
Rendering events/show
  [4;36;1mSQL (0.1ms)[0m   [0;1mSELECT sum("expenses".amount) AS sum_amount FROM "expenses" WHERE ("expenses".event_id = 1) [0m
Completed in 11ms (View: 5, DB: 0) | 200 OK [http://localhost/events/1]


Processing EventsController#show (for 127.0.0.1 at 2009-06-17 17:38:54) [GET]
  Parameters: {"id"=>"1"}
  [4;35;1mEvent Load (0.2ms)[0m   [0mSELECT * FROM "events" WHERE ("events"."id" = 1) [0m
Rendering template within layouts/events
Rendering events/show
  [4;36;1mSQL (0.1ms)[0m   [0;1mSELECT sum("expenses".amount) AS sum_amount FROM "expenses" WHERE ("expenses".event_id = 1) [0m
  [4;35;1mExpense Load (0.1ms)[0m   [0mSELECT * FROM "expenses" WHERE ("expenses".event_id = 1) [0m

ActionView::TemplateError (undefined method `budget_exceeded?' for #<Event:0x2492a1c>) on line #15 of app/views/events/_expenses.erb:
12:   <tr>
13:     <td align="right" colspan="2">    
14: 	  <strong>Total</strong>: 
15:       <span id="total" style="<%= expense_total_style(event) %>">
16:         <%= number_to_currency(event.total_expenses) %>
17:       </span>
18:     </td>

    app/helpers/events_helper.rb:3:in `expense_total_style'
    app/views/events/_expenses.erb:15
    app/views/events/show.html.erb:24
    app/controllers/events_controller.rb:18:in `show'

Rendered rescues/_trace (54.4ms)
Rendered rescues/_request_and_response (1.3ms)
Rendering rescues/layout (internal_server_error)


Processing EventsController#show (for 127.0.0.1 at 2009-06-17 17:39:52) [GET]
  Parameters: {"id"=>"1"}
  [4;36;1mEvent Load (0.2ms)[0m   [0;1mSELECT * FROM "events" WHERE ("events"."id" = 1) [0m
Rendering template within layouts/events
Rendering events/show
  [4;35;1mSQL (0.1ms)[0m   [0mSELECT sum("expenses".amount) AS sum_amount FROM "expenses" WHERE ("expenses".event_id = 1) [0m
  [4;36;1mExpense Load (0.1ms)[0m   [0;1mSELECT * FROM "expenses" WHERE ("expenses".event_id = 1) [0m
  [4;35;1mCACHE (0.0ms)[0m   [0mSELECT sum("expenses".amount) AS sum_amount FROM "expenses" WHERE ("expenses".event_id = 1) [0m
  [4;36;1mCACHE (0.0ms)[0m   [0;1mSELECT sum("expenses".amount) AS sum_amount FROM "expenses" WHERE ("expenses".event_id = 1) [0m
Rendered events/_expenses (3.0ms)

ActionView::TemplateError (Called id for nil, which would mistakenly be 4 -- if you really wanted the id of nil, use object_id) on line #31 of app/views/events/show.html.erb:
28: 
29: <p style="color: red"><%= flash[:error] %></p>
30: 
31: <% form_for [@event, @expense] do |f| -%>
32:   <p>
33:     <%= f.collection_select :vendor_id, @vendors, :id, :name %>
34:     in the amount of $<%= f.text_field :amount, :size => 9 %>

    app/views/events/show.html.erb:31
    app/controllers/events_controller.rb:18:in `show'

Rendered rescues/_trace (41.2ms)
Rendered rescues/_request_and_response (0.3ms)
Rendering rescues/layout (internal_server_error)


Processing EventsController#index (for 127.0.0.1 at 2009-06-17 17:40:00) [GET]
  [4;35;1mEvent Load (0.4ms)[0m   [0mSELECT * FROM "events" [0m
Rendering template within layouts/events
Rendering events/index
Completed in 7ms (View: 3, DB: 0) | 200 OK [http://localhost/events]


Processing EventsController#index (for 127.0.0.1 at 2009-06-17 17:40:02) [GET]
  [4;36;1mEvent Load (0.4ms)[0m   [0;1mSELECT * FROM "events" [0m
Rendering template within layouts/events
Rendering events/index
Completed in 8ms (View: 3, DB: 0) | 200 OK [http://localhost/events]


Processing EventsController#show (for 127.0.0.1 at 2009-06-17 17:40:03) [GET]
  Parameters: {"id"=>"1"}
  [4;35;1mEvent Load (0.2ms)[0m   [0mSELECT * FROM "events" WHERE ("events"."id" = 1) [0m
Rendering template within layouts/events
Rendering events/show
  [4;36;1mSQL (0.1ms)[0m   [0;1mSELECT sum("expenses".amount) AS sum_amount FROM "expenses" WHERE ("expenses".event_id = 1) [0m
  [4;35;1mExpense Load (0.1ms)[0m   [0mSELECT * FROM "expenses" WHERE ("expenses".event_id = 1) [0m
  [4;36;1mCACHE (0.0ms)[0m   [0;1mSELECT sum("expenses".amount) AS sum_amount FROM "expenses" WHERE ("expenses".event_id = 1) [0m
  [4;35;1mCACHE (0.0ms)[0m   [0mSELECT sum("expenses".amount) AS sum_amount FROM "expenses" WHERE ("expenses".event_id = 1) [0m
Rendered events/_expenses (2.9ms)

ActionView::TemplateError (Called id for nil, which would mistakenly be 4 -- if you really wanted the id of nil, use object_id) on line #31 of app/views/events/show.html.erb:
28: 
29: <p style="color: red"><%= flash[:error] %></p>
30: 
31: <% form_for [@event, @expense] do |f| -%>
32:   <p>
33:     <%= f.collection_select :vendor_id, @vendors, :id, :name %>
34:     in the amount of $<%= f.text_field :amount, :size => 9 %>

    app/views/events/show.html.erb:31
    app/controllers/events_controller.rb:18:in `show'

Rendered rescues/_trace (42.5ms)
Rendered rescues/_request_and_response (0.3ms)
Rendering rescues/layout (internal_server_error)


Processing EventsController#show (for 127.0.0.1 at 2009-06-17 17:43:56) [GET]
  Parameters: {"id"=>"1"}
  [4;36;1mEvent Load (0.2ms)[0m   [0;1mSELECT * FROM "events" WHERE ("events"."id" = 1) [0m
Rendering template within layouts/events
Rendering events/show
  [4;35;1mSQL (0.1ms)[0m   [0mSELECT sum("expenses".amount) AS sum_amount FROM "expenses" WHERE ("expenses".event_id = 1) [0m
  [4;36;1mExpense Load (0.1ms)[0m   [0;1mSELECT * FROM "expenses" WHERE ("expenses".event_id = 1) [0m
  [4;35;1mCACHE (0.0ms)[0m   [0mSELECT sum("expenses".amount) AS sum_amount FROM "expenses" WHERE ("expenses".event_id = 1) [0m
  [4;36;1mCACHE (0.0ms)[0m   [0;1mSELECT sum("expenses".amount) AS sum_amount FROM "expenses" WHERE ("expenses".event_id = 1) [0m
Rendered events/_expenses (3.1ms)

ActionView::TemplateError (Called id for nil, which would mistakenly be 4 -- if you really wanted the id of nil, use object_id) on line #31 of app/views/events/show.html.erb:
28: 
29: <p style="color: red"><%= flash[:error] %></p>
30: 
31: <% form_for [@event, @expense] do |f| -%>
32:   <p>
33:     <%= f.collection_select :vendor_id, @vendors, :id, :name %>
34:     in the amount of $<%= f.text_field :amount, :size => 9 %>

    app/views/events/show.html.erb:31
    app/controllers/events_controller.rb:18:in `show'

Rendered rescues/_trace (103.9ms)
Rendered rescues/_request_and_response (0.3ms)
Rendering rescues/layout (internal_server_error)


Processing EventsController#show (for 127.0.0.1 at 2009-06-17 17:44:51) [GET]
  Parameters: {"id"=>"1"}
  [4;35;1mEvent Load (0.2ms)[0m   [0mSELECT * FROM "events" WHERE ("events"."id" = 1) [0m
Rendering template within layouts/events
Rendering events/show
  [4;36;1mExpense Load (0.1ms)[0m   [0;1mSELECT * FROM "expenses" WHERE ("expenses".event_id = 1) [0m
  [4;35;1mSQL (0.2ms)[0m   [0mSELECT sum("expenses".amount) AS sum_amount FROM "expenses" WHERE ("expenses".event_id = 1) [0m
  [4;36;1mCACHE (0.0ms)[0m   [0;1mSELECT sum("expenses".amount) AS sum_amount FROM "expenses" WHERE ("expenses".event_id = 1) [0m
Rendered events/_expenses (3.8ms)

ActionView::TemplateError (Called id for nil, which would mistakenly be 4 -- if you really wanted the id of nil, use object_id) on line #26 of app/views/events/show.html.erb:
23: 
24: <p style="color: red"><%= flash[:error] %></p>
25: 
26: <% form_for [@event, @expense] do |f| -%>
27:   <p>
28:     <%= f.collection_select :vendor_id, @vendors, :id, :name %>
29:     in the amount of $<%= f.text_field :amount, :size => 9 %>

    app/views/events/show.html.erb:26
    app/controllers/events_controller.rb:18:in `show'

Rendered rescues/_trace (42.0ms)
Rendered rescues/_request_and_response (0.2ms)
Rendering rescues/layout (internal_server_error)


Processing EventsController#destroy (for 127.0.0.1 at 2009-06-17 17:45:12) [DELETE]
  Parameters: {"authenticity_token"=>"U7FeuVakxIUvSE0f8yChf4Igha3EW4VT90uB4v/8y98=", "id"=>"1"}
  [4;35;1mEvent Load (0.2ms)[0m   [0mSELECT * FROM "events" WHERE ("events"."id" = 1) [0m
  [4;36;1mEvent Destroy (0.4ms)[0m   [0;1mDELETE FROM "events" WHERE "id" = 1[0m
Redirected to http://localhost:3000/events
Completed in 13ms (DB: 1) | 302 Found [http://localhost/events/1]


Processing EventsController#index (for 127.0.0.1 at 2009-06-17 17:45:12) [GET]
  [4;35;1mEvent Load (0.3ms)[0m   [0mSELECT * FROM "events" [0m
Rendering template within layouts/events
Rendering events/index
Completed in 6ms (View: 1, DB: 0) | 200 OK [http://localhost/events]


Processing EventsController#new (for 127.0.0.1 at 2009-06-17 17:45:14) [GET]
Rendering template within layouts/events
Rendering events/new
Completed in 35ms (View: 31, DB: 0) | 200 OK [http://localhost/events/new]


Processing EventsController#create (for 127.0.0.1 at 2009-06-17 17:45:23) [POST]
  Parameters: {"commit"=>"Create", "authenticity_token"=>"U7FeuVakxIUvSE0f8yChf4Igha3EW4VT90uB4v/8y98=", "event"=>{"name"=>"test", "budget"=>"100"}}
  [4;36;1mEvent Create (0.3ms)[0m   [0;1mINSERT INTO "events" ("name", "updated_at", "budget", "created_at") VALUES('test', '2009-06-17 14:45:23', 100.0, '2009-06-17 14:45:23')[0m
Redirected to http://localhost:3000/events/2
Completed in 11ms (DB: 0) | 302 Found [http://localhost/events]


Processing EventsController#show (for 127.0.0.1 at 2009-06-17 17:45:23) [GET]
  Parameters: {"id"=>"2"}
  [4;35;1mEvent Load (0.2ms)[0m   [0mSELECT * FROM "events" WHERE ("events"."id" = 2) [0m
Rendering template within layouts/events
Rendering events/show
  [4;36;1mExpense Load (0.1ms)[0m   [0;1mSELECT * FROM "expenses" WHERE ("expenses".event_id = 2) [0m
  [4;35;1mSQL (0.1ms)[0m   [0mSELECT sum("expenses".amount) AS sum_amount FROM "expenses" WHERE ("expenses".event_id = 2) [0m
  [4;36;1mCACHE (0.0ms)[0m   [0;1mSELECT sum("expenses".amount) AS sum_amount FROM "expenses" WHERE ("expenses".event_id = 2) [0m
Rendered events/_expenses (3.8ms)

ActionView::TemplateError (Called id for nil, which would mistakenly be 4 -- if you really wanted the id of nil, use object_id) on line #26 of app/views/events/show.html.erb:
23: 
24: <p style="color: red"><%= flash[:error] %></p>
25: 
26: <% form_for [@event, @expense] do |f| -%>
27:   <p>
28:     <%= f.collection_select :vendor_id, @vendors, :id, :name %>
29:     in the amount of $<%= f.text_field :amount, :size => 9 %>

    app/views/events/show.html.erb:26
    app/controllers/events_controller.rb:18:in `show'

Rendered rescues/_trace (41.6ms)
Rendered rescues/_request_and_response (0.2ms)
Rendering rescues/layout (internal_server_error)


Processing EventsController#show (for 127.0.0.1 at 2009-06-17 17:47:08) [GET]
  Parameters: {"id"=>"2"}
  [4;35;1mEvent Load (0.2ms)[0m   [0mSELECT * FROM "events" WHERE ("events"."id" = 2) [0m
Rendering template within layouts/events
Rendering events/show
  [4;36;1mExpense Load (0.1ms)[0m   [0;1mSELECT * FROM "expenses" WHERE ("expenses".event_id = 2) [0m
  [4;35;1mSQL (0.1ms)[0m   [0mSELECT sum("expenses".amount) AS sum_amount FROM "expenses" WHERE ("expenses".event_id = 2) [0m
  [4;36;1mCACHE (0.0ms)[0m   [0;1mSELECT sum("expenses".amount) AS sum_amount FROM "expenses" WHERE ("expenses".event_id = 2) [0m
Rendered events/_expenses (3.7ms)
Completed in 16ms (View: 10, DB: 0) | 200 OK [http://localhost/events/2]


Processing EventsController#show (for 127.0.0.1 at 2009-06-17 17:47:55) [GET]
  Parameters: {"id"=>"2"}
  [4;35;1mEvent Load (0.2ms)[0m   [0mSELECT * FROM "events" WHERE ("events"."id" = 2) [0m
Rendering template within layouts/events
Rendering events/show
  [4;36;1mExpense Load (0.1ms)[0m   [0;1mSELECT * FROM "expenses" WHERE ("expenses".event_id = 2) [0m
  [4;35;1mSQL (0.2ms)[0m   [0mSELECT sum("expenses".amount) AS sum_amount FROM "expenses" WHERE ("expenses".event_id = 2) [0m
  [4;36;1mCACHE (0.0ms)[0m   [0;1mSELECT sum("expenses".amount) AS sum_amount FROM "expenses" WHERE ("expenses".event_id = 2) [0m
Rendered events/_expenses (3.7ms)
Completed in 16ms (View: 10, DB: 0) | 200 OK [http://localhost/events/2]


Processing EventsController#show (for 127.0.0.1 at 2009-06-17 17:47:57) [GET]
  Parameters: {"id"=>"2"}
  [4;35;1mEvent Load (0.2ms)[0m   [0mSELECT * FROM "events" WHERE ("events"."id" = 2) [0m
Rendering template within layouts/events
Rendering events/show
  [4;36;1mExpense Load (0.2ms)[0m   [0;1mSELECT * FROM "expenses" WHERE ("expenses".event_id = 2) [0m
  [4;35;1mSQL (0.1ms)[0m   [0mSELECT sum("expenses".amount) AS sum_amount FROM "expenses" WHERE ("expenses".event_id = 2) [0m
  [4;36;1mCACHE (0.0ms)[0m   [0;1mSELECT sum("expenses".amount) AS sum_amount FROM "expenses" WHERE ("expenses".event_id = 2) [0m
Rendered events/_expenses (3.8ms)
Completed in 72ms (View: 66, DB: 0) | 200 OK [http://localhost/events/2]


Processing EventsController#show (for 127.0.0.1 at 2009-06-17 17:48:30) [GET]
  Parameters: {"id"=>"2"}
  [4;35;1mEvent Load (0.2ms)[0m   [0mSELECT * FROM "events" WHERE ("events"."id" = 2) [0m
Rendering template within layouts/events
Rendering events/show
  [4;36;1mExpense Load (0.1ms)[0m   [0;1mSELECT * FROM "expenses" WHERE ("expenses".event_id = 2) [0m
  [4;35;1mSQL (0.1ms)[0m   [0mSELECT sum("expenses".amount) AS sum_amount FROM "expenses" WHERE ("expenses".event_id = 2) [0m
  [4;36;1mCACHE (0.0ms)[0m   [0;1mSELECT sum("expenses".amount) AS sum_amount FROM "expenses" WHERE ("expenses".event_id = 2) [0m
Rendered events/_expenses (3.7ms)

ActionView::TemplateError (Called id for nil, which would mistakenly be 4 -- if you really wanted the id of nil, use object_id) on line #26 of app/views/events/show.html.erb:
23: 
24: <p style="color: red"><%= flash[:error] %></p>
25: 
26: <% form_for [@event, @expense] do |f| -%>
27:   <p>
28:     <%= f.collection_select :vendor_id, @vendors, :id, :name %>
29:     in the amount of $<%= f.text_field :amount, :size => 9 %>

    app/views/events/show.html.erb:26
    app/controllers/events_controller.rb:18:in `show'

Rendered rescues/_trace (42.9ms)
Rendered rescues/_request_and_response (0.2ms)
Rendering rescues/layout (internal_server_error)


Processing EventsController#show (for 127.0.0.1 at 2009-06-17 17:48:50) [GET]
  Parameters: {"id"=>"2"}
  [4;35;1mEvent Load (0.2ms)[0m   [0mSELECT * FROM "events" WHERE ("events"."id" = 2) [0m
Rendering template within layouts/events
Rendering events/show
  [4;36;1mExpense Load (0.1ms)[0m   [0;1mSELECT * FROM "expenses" WHERE ("expenses".event_id = 2) [0m
  [4;35;1mSQL (0.1ms)[0m   [0mSELECT sum("expenses".amount) AS sum_amount FROM "expenses" WHERE ("expenses".event_id = 2) [0m
  [4;36;1mCACHE (0.0ms)[0m   [0;1mSELECT sum("expenses".amount) AS sum_amount FROM "expenses" WHERE ("expenses".event_id = 2) [0m
Rendered events/_expenses (3.6ms)

ActionView::TemplateError (Called id for nil, which would mistakenly be 4 -- if you really wanted the id of nil, use object_id) on line #26 of app/views/events/show.html.erb:
23: 
24: <p style="color: red"><%= flash[:error] %></p>
25: 
26: <% form_for [@event, @expense] do |f| -%>
27:   <p>
28:   </p>
29:   <%= f.submit 'Add this expense' %>

    app/views/events/show.html.erb:26
    app/controllers/events_controller.rb:18:in `show'

Rendered rescues/_trace (100.0ms)
Rendered rescues/_request_and_response (0.3ms)
Rendering rescues/layout (internal_server_error)


Processing EventsController#show (for 127.0.0.1 at 2009-06-17 17:52:41) [GET]
  Parameters: {"id"=>"2"}
  [4;35;1mEvent Load (0.2ms)[0m   [0mSELECT * FROM "events" WHERE ("events"."id" = 2) [0m
Rendering template within layouts/events
Rendering events/show
  [4;36;1mExpense Load (0.2ms)[0m   [0;1mSELECT * FROM "expenses" WHERE ("expenses".event_id = 2) [0m
  [4;35;1mSQL (0.1ms)[0m   [0mSELECT sum("expenses".amount) AS sum_amount FROM "expenses" WHERE ("expenses".event_id = 2) [0m
  [4;36;1mCACHE (0.0ms)[0m   [0;1mSELECT sum("expenses".amount) AS sum_amount FROM "expenses" WHERE ("expenses".event_id = 2) [0m
Rendered events/_expenses (3.8ms)
Completed in 18ms (View: 12, DB: 0) | 200 OK [http://localhost/events/2]


Processing EventsController#show (for 127.0.0.1 at 2009-06-17 17:56:07) [GET]
  Parameters: {"id"=>"2"}
  [4;35;1mEvent Load (0.2ms)[0m   [0mSELECT * FROM "events" WHERE ("events"."id" = 2) [0m
Rendering template within layouts/events
Rendering events/show
  [4;36;1mExpense Load (0.1ms)[0m   [0;1mSELECT * FROM "expenses" WHERE ("expenses".event_id = 2) [0m
  [4;35;1mSQL (0.1ms)[0m   [0mSELECT sum("expenses".amount) AS sum_amount FROM "expenses" WHERE ("expenses".event_id = 2) [0m
  [4;36;1mCACHE (0.0ms)[0m   [0;1mSELECT sum("expenses".amount) AS sum_amount FROM "expenses" WHERE ("expenses".event_id = 2) [0m
Rendered events/_expenses (4.1ms)

ActionView::TemplateError (undefined local variable or method `expenses' for #<ActionView::Base:0x243a510>) on line #26 of app/views/events/show.html.erb:
23: 
24: <p style="color: red"><%= flash[:error] %></p>
25: 
26: <% form_for [@event, expenses] do |f| -%>
27:   <p>
28:   </p>
29:   <%= f.submit 'Add this expense' %>

    app/views/events/show.html.erb:26
    app/controllers/events_controller.rb:18:in `show'

Rendered rescues/_trace (110.5ms)
Rendered rescues/_request_and_response (0.2ms)
Rendering rescues/layout (internal_server_error)


Processing EventsController#show (for 127.0.0.1 at 2009-06-17 17:56:32) [GET]
  Parameters: {"id"=>"2"}
  [4;35;1mEvent Load (0.2ms)[0m   [0mSELECT * FROM "events" WHERE ("events"."id" = 2) [0m
Rendering template within layouts/events
Rendering events/show
  [4;36;1mExpense Load (0.1ms)[0m   [0;1mSELECT * FROM "expenses" WHERE ("expenses".event_id = 2) [0m
  [4;35;1mSQL (0.1ms)[0m   [0mSELECT sum("expenses".amount) AS sum_amount FROM "expenses" WHERE ("expenses".event_id = 2) [0m
  [4;36;1mCACHE (0.0ms)[0m   [0;1mSELECT sum("expenses".amount) AS sum_amount FROM "expenses" WHERE ("expenses".event_id = 2) [0m
Rendered events/_expenses (3.8ms)

ActionView::TemplateError (Called id for nil, which would mistakenly be 4 -- if you really wanted the id of nil, use object_id) on line #26 of app/views/events/show.html.erb:
23: 
24: <p style="color: red"><%= flash[:error] %></p>
25: 
26: <% form_for [@event, @expenses] do |f| -%>
27:   <p>
28:   </p>
29:   <%= f.submit 'Add this expense' %>

    app/views/events/show.html.erb:26
    app/controllers/events_controller.rb:18:in `show'

Rendered rescues/_trace (41.5ms)
Rendered rescues/_request_and_response (0.3ms)
Rendering rescues/layout (internal_server_error)


Processing EventsController#show (for 127.0.0.1 at 2009-06-17 17:56:41) [GET]
  Parameters: {"id"=>"2"}
  [4;35;1mEvent Load (0.2ms)[0m   [0mSELECT * FROM "events" WHERE ("events"."id" = 2) [0m
Rendering template within layouts/events
Rendering events/show
  [4;36;1mExpense Load (0.1ms)[0m   [0;1mSELECT * FROM "expenses" WHERE ("expenses".event_id = 2) [0m
  [4;35;1mSQL (0.1ms)[0m   [0mSELECT sum("expenses".amount) AS sum_amount FROM "expenses" WHERE ("expenses".event_id = 2) [0m
  [4;36;1mCACHE (0.0ms)[0m   [0;1mSELECT sum("expenses".amount) AS sum_amount FROM "expenses" WHERE ("expenses".event_id = 2) [0m
Rendered events/_expenses (3.8ms)

ActionView::TemplateError (Called id for nil, which would mistakenly be 4 -- if you really wanted the id of nil, use object_id) on line #26 of app/views/events/show.html.erb:
23: 
24: <p style="color: red"><%= flash[:error] %></p>
25: 
26: <% form_for [@event, @expense] do |f| -%>
27:   <p>
28:   </p>
29:   <%= f.submit 'Add this expense' %>

    app/views/events/show.html.erb:26
    app/controllers/events_controller.rb:18:in `show'

Rendered rescues/_trace (104.5ms)
Rendered rescues/_request_and_response (0.3ms)
Rendering rescues/layout (internal_server_error)


Processing EventsController#show (for 127.0.0.1 at 2009-06-17 17:58:24) [GET]
  Parameters: {"id"=>"2"}
  [4;35;1mEvent Load (0.2ms)[0m   [0mSELECT * FROM "events" WHERE ("events"."id" = 2) [0m
Rendering template within layouts/events
Rendering events/show
  [4;36;1mExpense Load (0.1ms)[0m   [0;1mSELECT * FROM "expenses" WHERE ("expenses".event_id = 2) [0m
  [4;35;1mSQL (0.1ms)[0m   [0mSELECT sum("expenses".amount) AS sum_amount FROM "expenses" WHERE ("expenses".event_id = 2) [0m
  [4;36;1mCACHE (0.0ms)[0m   [0;1mSELECT sum("expenses".amount) AS sum_amount FROM "expenses" WHERE ("expenses".event_id = 2) [0m
Rendered events/_expenses (3.7ms)

ActionView::TemplateError (Called id for nil, which would mistakenly be 4 -- if you really wanted the id of nil, use object_id) on line #26 of app/views/events/show.html.erb:
23: 
24: <p style="color: red"><%= flash[:error] %></p>
25: 
26: <% form_for [@event, @expense] do |f| -%>
27:   <p>
28:   </p>
29:   <%= f.submit 'Add this expense' %>

    app/views/events/show.html.erb:26
    app/controllers/events_controller.rb:18:in `show'

Rendered rescues/_trace (97.2ms)
Rendered rescues/_request_and_response (0.2ms)
Rendering rescues/layout (internal_server_error)


Processing EventsController#show (for 127.0.0.1 at 2009-06-17 17:58:27) [GET]
  Parameters: {"id"=>"2"}
  [4;35;1mEvent Load (0.2ms)[0m   [0mSELECT * FROM "events" WHERE ("events"."id" = 2) [0m
Rendering template within layouts/events
Rendering events/show
  [4;36;1mExpense Load (0.1ms)[0m   [0;1mSELECT * FROM "expenses" WHERE ("expenses".event_id = 2) [0m
  [4;35;1mSQL (0.1ms)[0m   [0mSELECT sum("expenses".amount) AS sum_amount FROM "expenses" WHERE ("expenses".event_id = 2) [0m
  [4;36;1mCACHE (0.0ms)[0m   [0;1mSELECT sum("expenses".amount) AS sum_amount FROM "expenses" WHERE ("expenses".event_id = 2) [0m
Rendered events/_expenses (3.9ms)

ActionView::TemplateError (Called id for nil, which would mistakenly be 4 -- if you really wanted the id of nil, use object_id) on line #26 of app/views/events/show.html.erb:
23: 
24: <p style="color: red"><%= flash[:error] %></p>
25: 
26: <% form_for [@event, @expense] do |f| -%>
27:   <p>
28:   </p>
29:   <%= f.submit 'Add this expense' %>

    app/views/events/show.html.erb:26
    app/controllers/events_controller.rb:18:in `show'

Rendered rescues/_trace (41.1ms)
Rendered rescues/_request_and_response (0.2ms)
Rendering rescues/layout (internal_server_error)


Processing EventsController#show (for 127.0.0.1 at 2009-06-17 17:58:27) [GET]
  Parameters: {"id"=>"2"}
  [4;35;1mEvent Load (0.2ms)[0m   [0mSELECT * FROM "events" WHERE ("events"."id" = 2) [0m
Rendering template within layouts/events
Rendering events/show
  [4;36;1mExpense Load (1.3ms)[0m   [0;1mSELECT * FROM "expenses" WHERE ("expenses".event_id = 2) [0m
  [4;35;1mSQL (0.2ms)[0m   [0mSELECT sum("expenses".amount) AS sum_amount FROM "expenses" WHERE ("expenses".event_id = 2) [0m
  [4;36;1mCACHE (0.0ms)[0m   [0;1mSELECT sum("expenses".amount) AS sum_amount FROM "expenses" WHERE ("expenses".event_id = 2) [0m
Rendered events/_expenses (6.0ms)

ActionView::TemplateError (Called id for nil, which would mistakenly be 4 -- if you really wanted the id of nil, use object_id) on line #26 of app/views/events/show.html.erb:
23: 
24: <p style="color: red"><%= flash[:error] %></p>
25: 
26: <% form_for [@event, @expense] do |f| -%>
27:   <p>
28:   </p>
29:   <%= f.submit 'Add this expense' %>

    app/views/events/show.html.erb:26
    app/controllers/events_controller.rb:18:in `show'

Rendered rescues/_trace (105.6ms)
Rendered rescues/_request_and_response (0.2ms)
Rendering rescues/layout (internal_server_error)


Processing EventsController#show (for 127.0.0.1 at 2009-06-17 17:58:27) [GET]
  Parameters: {"id"=>"2"}
  [4;35;1mEvent Load (0.2ms)[0m   [0mSELECT * FROM "events" WHERE ("events"."id" = 2) [0m
Rendering template within layouts/events
Rendering events/show
  [4;36;1mExpense Load (0.1ms)[0m   [0;1mSELECT * FROM "expenses" WHERE ("expenses".event_id = 2) [0m
  [4;35;1mSQL (0.2ms)[0m   [0mSELECT sum("expenses".amount) AS sum_amount FROM "expenses" WHERE ("expenses".event_id = 2) [0m
  [4;36;1mCACHE (0.0ms)[0m   [0;1mSELECT sum("expenses".amount) AS sum_amount FROM "expenses" WHERE ("expenses".event_id = 2) [0m
Rendered events/_expenses (3.7ms)

ActionView::TemplateError (Called id for nil, which would mistakenly be 4 -- if you really wanted the id of nil, use object_id) on line #26 of app/views/events/show.html.erb:
23: 
24: <p style="color: red"><%= flash[:error] %></p>
25: 
26: <% form_for [@event, @expense] do |f| -%>
27:   <p>
28:   </p>
29:   <%= f.submit 'Add this expense' %>

    app/views/events/show.html.erb:26
    app/controllers/events_controller.rb:18:in `show'

Rendered rescues/_trace (41.6ms)
Rendered rescues/_request_and_response (0.2ms)
Rendering rescues/layout (internal_server_error)


Processing EventsController#show (for 127.0.0.1 at 2009-06-17 17:59:25) [GET]
  Parameters: {"id"=>"2"}
  [4;35;1mEvent Load (0.2ms)[0m   [0mSELECT * FROM "events" WHERE ("events"."id" = 2) [0m
Rendering template within layouts/events
Rendering events/show
  [4;36;1mExpense Load (0.1ms)[0m   [0;1mSELECT * FROM "expenses" WHERE ("expenses".event_id = 2) [0m
  [4;35;1mSQL (0.1ms)[0m   [0mSELECT sum("expenses".amount) AS sum_amount FROM "expenses" WHERE ("expenses".event_id = 2) [0m
  [4;36;1mCACHE (0.0ms)[0m   [0;1mSELECT sum("expenses".amount) AS sum_amount FROM "expenses" WHERE ("expenses".event_id = 2) [0m
Rendered events/_expenses (4.4ms)

ActionView::TemplateError (Called id for nil, which would mistakenly be 4 -- if you really wanted the id of nil, use object_id) on line #26 of app/views/events/show.html.erb:
23: 
24: <p style="color: red"><%= flash[:error] %></p>
25: 
26: <% form_for [@event, @expense] do |f| -%>
27:   <p>
28:   </p>
29:   <%= f.submit 'Add this expense' %>

    app/views/events/show.html.erb:26
    app/controllers/events_controller.rb:18:in `show'

Rendered rescues/_trace (43.1ms)
Rendered rescues/_request_and_response (0.2ms)
Rendering rescues/layout (internal_server_error)


Processing EventsController#show (for 127.0.0.1 at 2009-06-17 17:59:33) [GET]
  Parameters: {"id"=>"2"}
  [4;36;1mEvent Load (0.2ms)[0m   [0;1mSELECT * FROM "events" WHERE ("events"."id" = 2) [0m
Rendering template within layouts/events
Rendering events/show
  [4;35;1mExpense Load (0.2ms)[0m   [0mSELECT * FROM "expenses" WHERE ("expenses".event_id = 2) [0m
  [4;36;1mSQL (0.3ms)[0m   [0;1mSELECT sum("expenses".amount) AS sum_amount FROM "expenses" WHERE ("expenses".event_id = 2) [0m
  [4;35;1mCACHE (0.0ms)[0m   [0mSELECT sum("expenses".amount) AS sum_amount FROM "expenses" WHERE ("expenses".event_id = 2) [0m
Rendered events/_expenses (43.2ms)

ActionView::TemplateError (Called id for nil, which would mistakenly be 4 -- if you really wanted the id of nil, use object_id) on line #26 of app/views/events/show.html.erb:
23: 
24: <p style="color: red"><%= flash[:error] %></p>
25: 
26: <% form_for [@event, @expense] do |f| -%>
27:   <p>
28:   </p>
29:   <%= f.submit 'Add this expense' %>

    app/views/events/show.html.erb:26
    app/controllers/events_controller.rb:18:in `show'

Rendered rescues/_trace (43.9ms)
Rendered rescues/_request_and_response (1.4ms)
Rendering rescues/layout (internal_server_error)


Processing EventsController#create (for 127.0.0.1 at 2009-06-17 17:59:38) [POST]
  Parameters: {"commit"=>"Create", "authenticity_token"=>"U7FeuVakxIUvSE0f8yChf4Igha3EW4VT90uB4v/8y98=", "event"=>{"name"=>"test", "budget"=>"100"}}
  [4;36;1mEvent Create (0.5ms)[0m   [0;1mINSERT INTO "events" ("name", "updated_at", "budget", "created_at") VALUES('test', '2009-06-17 14:59:38', 100.0, '2009-06-17 14:59:38')[0m
Redirected to http://localhost:3000/events/3
Completed in 11ms (DB: 0) | 302 Found [http://localhost/events]


Processing EventsController#show (for 127.0.0.1 at 2009-06-17 17:59:38) [GET]
  Parameters: {"id"=>"3"}
  [4;35;1mEvent Load (0.2ms)[0m   [0mSELECT * FROM "events" WHERE ("events"."id" = 3) [0m
Rendering template within layouts/events
Rendering events/show
  [4;36;1mExpense Load (0.1ms)[0m   [0;1mSELECT * FROM "expenses" WHERE ("expenses".event_id = 3) [0m
  [4;35;1mSQL (0.1ms)[0m   [0mSELECT sum("expenses".amount) AS sum_amount FROM "expenses" WHERE ("expenses".event_id = 3) [0m
  [4;36;1mCACHE (0.0ms)[0m   [0;1mSELECT sum("expenses".amount) AS sum_amount FROM "expenses" WHERE ("expenses".event_id = 3) [0m
Rendered events/_expenses (4.1ms)

ActionView::TemplateError (Called id for nil, which would mistakenly be 4 -- if you really wanted the id of nil, use object_id) on line #26 of app/views/events/show.html.erb:
23: 
24: <p style="color: red"><%= flash[:error] %></p>
25: 
26: <% form_for [@event, @expense] do |f| -%>
27:   <p>
28:   </p>
29:   <%= f.submit 'Add this expense' %>

    app/views/events/show.html.erb:26
    app/controllers/events_controller.rb:18:in `show'

Rendered rescues/_trace (100.9ms)
Rendered rescues/_request_and_response (0.2ms)
Rendering rescues/layout (internal_server_error)


Processing EventsController#show (for 127.0.0.1 at 2009-06-17 18:03:06) [GET]
  Parameters: {"id"=>"3"}
  [4;35;1mEvent Load (0.2ms)[0m   [0mSELECT * FROM "events" WHERE ("events"."id" = 3) [0m
Rendering template within layouts/events
Rendering events/show
  [4;36;1mExpense Load (0.1ms)[0m   [0;1mSELECT * FROM "expenses" WHERE ("expenses".event_id = 3) [0m
  [4;35;1mSQL (0.1ms)[0m   [0mSELECT sum("expenses".amount) AS sum_amount FROM "expenses" WHERE ("expenses".event_id = 3) [0m
  [4;36;1mCACHE (0.0ms)[0m   [0;1mSELECT sum("expenses".amount) AS sum_amount FROM "expenses" WHERE ("expenses".event_id = 3) [0m
Rendered events/_expenses (3.8ms)

ActionView::TemplateError (Called id for nil, which would mistakenly be 4 -- if you really wanted the id of nil, use object_id) on line #26 of app/views/events/show.html.erb:
23: 
24: <p style="color: red"><%= flash[:error] %></p>
25: 
26: <% form_for [@event, @expense] do |f| -%>
27:   <%= f.submit 'Add this expense' %>
28: <% end -%>

    app/views/events/show.html.erb:26
    app/controllers/events_controller.rb:18:in `show'

Rendered rescues/_trace (95.8ms)
Rendered rescues/_request_and_response (0.3ms)
Rendering rescues/layout (internal_server_error)


Processing EventsController#show (for 127.0.0.1 at 2009-06-17 18:03:37) [GET]
  Parameters: {"id"=>"3"}
  [4;35;1mEvent Load (0.3ms)[0m   [0mSELECT * FROM "events" WHERE ("events"."id" = 3) [0m
Rendering template within layouts/events
Rendering events/show
  [4;36;1mExpense Load (0.2ms)[0m   [0;1mSELECT * FROM "expenses" WHERE ("expenses".event_id = 3) [0m
  [4;35;1mSQL (0.1ms)[0m   [0mSELECT sum("expenses".amount) AS sum_amount FROM "expenses" WHERE ("expenses".event_id = 3) [0m
  [4;36;1mCACHE (0.0ms)[0m   [0;1mSELECT sum("expenses".amount) AS sum_amount FROM "expenses" WHERE ("expenses".event_id = 3) [0m
Rendered events/_expenses (4.0ms)
Completed in 21ms (View: 14, DB: 1) | 200 OK [http://localhost/events/3]


Processing EventsController#show (for 127.0.0.1 at 2009-06-17 18:04:01) [GET]
  Parameters: {"id"=>"3"}
  [4;35;1mEvent Load (0.2ms)[0m   [0mSELECT * FROM "events" WHERE ("events"."id" = 3) [0m
Rendering template within layouts/events
Rendering events/show
  [4;36;1mExpense Load (0.1ms)[0m   [0;1mSELECT * FROM "expenses" WHERE ("expenses".event_id = 3) [0m
  [4;35;1mSQL (0.1ms)[0m   [0mSELECT sum("expenses".amount) AS sum_amount FROM "expenses" WHERE ("expenses".event_id = 3) [0m
  [4;36;1mCACHE (0.0ms)[0m   [0;1mSELECT sum("expenses".amount) AS sum_amount FROM "expenses" WHERE ("expenses".event_id = 3) [0m
Rendered events/_expenses (3.7ms)

ActionView::TemplateError (Called id for nil, which would mistakenly be 4 -- if you really wanted the id of nil, use object_id) on line #26 of app/views/events/show.html.erb:
23: 
24: <p style="color: red"><%= flash[:error] %></p>
25: 
26: <% form_for [@event, @expense] do |f| -%>
27:   <%= f.submit 'Add this expense' %>
28: <% end -%>

    app/views/events/show.html.erb:26
    app/controllers/events_controller.rb:18:in `show'

Rendered rescues/_trace (41.1ms)
Rendered rescues/_request_and_response (0.3ms)
Rendering rescues/layout (internal_server_error)


Processing EventsController#show (for 127.0.0.1 at 2009-06-17 18:06:28) [GET]
  Parameters: {"id"=>"3"}
  [4;35;1mEvent Load (0.2ms)[0m   [0mSELECT * FROM "events" WHERE ("events"."id" = 3) [0m
  [4;36;1mVendor Load (0.5ms)[0m   [0;1mSELECT * FROM "vendors" ORDER BY name[0m
Rendering template within layouts/events
Rendering events/show
  [4;35;1mExpense Load (0.1ms)[0m   [0mSELECT * FROM "expenses" WHERE ("expenses".event_id = 3) [0m
  [4;36;1mSQL (0.1ms)[0m   [0;1mSELECT sum("expenses".amount) AS sum_amount FROM "expenses" WHERE ("expenses".event_id = 3) [0m
  [4;35;1mCACHE (0.0ms)[0m   [0mSELECT sum("expenses".amount) AS sum_amount FROM "expenses" WHERE ("expenses".event_id = 3) [0m
Rendered events/_expenses (3.2ms)
Completed in 33ms (View: 6, DB: 1) | 200 OK [http://localhost/events/3]


Processing EventsController#show (for 127.0.0.1 at 2009-06-17 18:06:58) [GET]
  Parameters: {"id"=>"3"}
  [4;36;1mEvent Load (0.2ms)[0m   [0;1mSELECT * FROM "events" WHERE ("events"."id" = 3) [0m
  [4;35;1mVendor Load (0.5ms)[0m   [0mSELECT * FROM "vendors" ORDER BY name[0m
Rendering template within layouts/events
Rendering events/show
  [4;36;1mExpense Load (0.1ms)[0m   [0;1mSELECT * FROM "expenses" WHERE ("expenses".event_id = 3) [0m
  [4;35;1mSQL (0.1ms)[0m   [0mSELECT sum("expenses".amount) AS sum_amount FROM "expenses" WHERE ("expenses".event_id = 3) [0m
  [4;36;1mCACHE (0.0ms)[0m   [0;1mSELECT sum("expenses".amount) AS sum_amount FROM "expenses" WHERE ("expenses".event_id = 3) [0m
Rendered events/_expenses (3.3ms)
Completed in 21ms (View: 10, DB: 1) | 200 OK [http://localhost/events/3]


Processing VendorsController#index (for 127.0.0.1 at 2009-06-17 18:07:06) [GET]
  [4;35;1mVendor Load (0.3ms)[0m   [0mSELECT * FROM "vendors" [0m
Rendering template within layouts/vendors
Rendering vendors/index
Completed in 15ms (View: 10, DB: 0) | 200 OK [http://localhost/vendors]


Processing VendorsController#new (for 127.0.0.1 at 2009-06-17 18:07:07) [GET]
Rendering template within layouts/vendors
Rendering vendors/new
Completed in 10ms (View: 5, DB: 0) | 200 OK [http://localhost/vendors/new]


Processing VendorsController#create (for 127.0.0.1 at 2009-06-17 18:07:14) [POST]
  Parameters: {"commit"=>"Create", "authenticity_token"=>"U7FeuVakxIUvSE0f8yChf4Igha3EW4VT90uB4v/8y98=", "vendor"=>{"name"=>"me", "email"=>"me@me.com"}}
  [4;36;1mVendor Create (0.4ms)[0m   [0;1mINSERT INTO "vendors" ("name", "updated_at", "email", "created_at") VALUES('me', '2009-06-17 15:07:14', 'me@me.com', '2009-06-17 15:07:14')[0m
Redirected to http://localhost:3000/vendors/1
Completed in 11ms (DB: 0) | 302 Found [http://localhost/vendors]


Processing VendorsController#show (for 127.0.0.1 at 2009-06-17 18:07:14) [GET]
  Parameters: {"id"=>"1"}
  [4;35;1mVendor Load (0.2ms)[0m   [0mSELECT * FROM "vendors" WHERE ("vendors"."id" = 1) [0m
Rendering template within layouts/vendors
Rendering vendors/show
Completed in 18ms (View: 12, DB: 0) | 200 OK [http://localhost/vendors/1]


Processing EventsController#index (for 127.0.0.1 at 2009-06-17 18:07:19) [GET]
  [4;36;1mEvent Load (0.5ms)[0m   [0;1mSELECT * FROM "events" [0m
Rendering template within layouts/events
Rendering events/index
Completed in 13ms (View: 7, DB: 0) | 200 OK [http://localhost/events]


Processing EventsController#destroy (for 127.0.0.1 at 2009-06-17 18:07:27) [DELETE]
  Parameters: {"authenticity_token"=>"U7FeuVakxIUvSE0f8yChf4Igha3EW4VT90uB4v/8y98=", "id"=>"3"}
  [4;35;1mEvent Load (0.2ms)[0m   [0mSELECT * FROM "events" WHERE ("events"."id" = 3) [0m
  [4;36;1mEvent Destroy (0.4ms)[0m   [0;1mDELETE FROM "events" WHERE "id" = 3[0m
Redirected to http://localhost:3000/events
Completed in 14ms (DB: 1) | 302 Found [http://localhost/events/3]


Processing EventsController#index (for 127.0.0.1 at 2009-06-17 18:07:27) [GET]
  [4;35;1mEvent Load (0.4ms)[0m   [0mSELECT * FROM "events" [0m
Rendering template within layouts/events
Rendering events/index
Completed in 9ms (View: 3, DB: 0) | 200 OK [http://localhost/events]


Processing EventsController#show (for 127.0.0.1 at 2009-06-17 18:07:29) [GET]
  Parameters: {"id"=>"2"}
  [4;36;1mEvent Load (0.2ms)[0m   [0;1mSELECT * FROM "events" WHERE ("events"."id" = 2) [0m
  [4;35;1mVendor Load (0.5ms)[0m   [0mSELECT * FROM "vendors" ORDER BY name[0m
Rendering template within layouts/events
Rendering events/show
  [4;36;1mExpense Load (0.1ms)[0m   [0;1mSELECT * FROM "expenses" WHERE ("expenses".event_id = 2) [0m
  [4;35;1mSQL (0.1ms)[0m   [0mSELECT sum("expenses".amount) AS sum_amount FROM "expenses" WHERE ("expenses".event_id = 2) [0m
  [4;36;1mCACHE (0.0ms)[0m   [0;1mSELECT sum("expenses".amount) AS sum_amount FROM "expenses" WHERE ("expenses".event_id = 2) [0m
Rendered events/_expenses (3.2ms)
Completed in 19ms (View: 8, DB: 1) | 200 OK [http://localhost/events/2]


Processing ExpensesController#create (for 127.0.0.1 at 2009-06-17 18:07:36) [POST]
  Parameters: {"event_id"=>"2", "commit"=>"Add this expense", "expense"=>{"vendor_id"=>"1", "amount"=>"20"}, "authenticity_token"=>"U7FeuVakxIUvSE0f8yChf4Igha3EW4VT90uB4v/8y98="}
  [4;35;1mEvent Load (0.2ms)[0m   [0mSELECT * FROM "events" WHERE ("events"."id" = 2) [0m
  [4;36;1mExpense Create (0.3ms)[0m   [0;1mINSERT INTO "expenses" ("event_id", "vendor_id", "updated_at", "amount", "created_at") VALUES(2, 1, '2009-06-17 15:07:36', 20.0, '2009-06-17 15:07:36')[0m
Redirected to http://localhost:3000/events/2
Completed in 15ms (DB: 1) | 302 Found [http://localhost/events/2/expenses]


Processing EventsController#show (for 127.0.0.1 at 2009-06-17 18:07:36) [GET]
  Parameters: {"id"=>"2"}
  [4;35;1mEvent Load (0.2ms)[0m   [0mSELECT * FROM "events" WHERE ("events"."id" = 2) [0m
  [4;36;1mVendor Load (0.5ms)[0m   [0;1mSELECT * FROM "vendors" ORDER BY name[0m
Rendering template within layouts/events
Rendering events/show
  [4;35;1mExpense Load (0.2ms)[0m   [0mSELECT * FROM "expenses" WHERE ("expenses".event_id = 2) [0m
  [4;36;1mVendor Load (0.2ms)[0m   [0;1mSELECT * FROM "vendors" WHERE ("vendors"."id" = 1) [0m
  [4;35;1mSQL (0.1ms)[0m   [0mSELECT sum("expenses".amount) AS sum_amount FROM "expenses" WHERE ("expenses".event_id = 2) [0m
  [4;36;1mCACHE (0.0ms)[0m   [0;1mSELECT sum("expenses".amount) AS sum_amount FROM "expenses" WHERE ("expenses".event_id = 2) [0m
Rendered events/_expenses (6.7ms)
Completed in 21ms (View: 9, DB: 1) | 200 OK [http://localhost/events/2]


Processing ExpensesController#create (for 127.0.0.1 at 2009-06-17 18:07:40) [POST]
  Parameters: {"event_id"=>"2", "commit"=>"Add this expense", "expense"=>{"vendor_id"=>"1", "amount"=>"100"}, "authenticity_token"=>"U7FeuVakxIUvSE0f8yChf4Igha3EW4VT90uB4v/8y98="}
  [4;35;1mEvent Load (0.2ms)[0m   [0mSELECT * FROM "events" WHERE ("events"."id" = 2) [0m
  [4;36;1mExpense Create (0.3ms)[0m   [0;1mINSERT INTO "expenses" ("event_id", "vendor_id", "updated_at", "amount", "created_at") VALUES(2, 1, '2009-06-17 15:07:40', 100.0, '2009-06-17 15:07:40')[0m
Redirected to http://localhost:3000/events/2
Completed in 15ms (DB: 1) | 302 Found [http://localhost/events/2/expenses]


Processing EventsController#show (for 127.0.0.1 at 2009-06-17 18:07:40) [GET]
  Parameters: {"id"=>"2"}
  [4;35;1mEvent Load (0.2ms)[0m   [0mSELECT * FROM "events" WHERE ("events"."id" = 2) [0m
  [4;36;1mVendor Load (0.5ms)[0m   [0;1mSELECT * FROM "vendors" ORDER BY name[0m
Rendering template within layouts/events
Rendering events/show
  [4;35;1mExpense Load (0.3ms)[0m   [0mSELECT * FROM "expenses" WHERE ("expenses".event_id = 2) [0m
  [4;36;1mVendor Load (0.2ms)[0m   [0;1mSELECT * FROM "vendors" WHERE ("vendors"."id" = 1) [0m
  [4;35;1mCACHE (0.0ms)[0m   [0mSELECT * FROM "vendors" WHERE ("vendors"."id" = 1) [0m
  [4;36;1mSQL (0.2ms)[0m   [0;1mSELECT sum("expenses".amount) AS sum_amount FROM "expenses" WHERE ("expenses".event_id = 2) [0m
  [4;35;1mCACHE (0.0ms)[0m   [0mSELECT sum("expenses".amount) AS sum_amount FROM "expenses" WHERE ("expenses".event_id = 2) [0m
Rendered events/_expenses (8.2ms)
Completed in 22ms (View: 11, DB: 1) | 200 OK [http://localhost/events/2]


Processing EventsController#show (for 127.0.0.1 at 2009-06-17 22:37:54) [GET]
  Parameters: {"id"=>"2"}
  [4;36;1mEvent Load (0.2ms)[0m   [0;1mSELECT * FROM "events" WHERE ("events"."id" = 2) [0m
  [4;35;1mVendor Load (0.6ms)[0m   [0mSELECT * FROM "vendors" ORDER BY name[0m
Rendering template within layouts/events
Rendering events/show
  [4;36;1mExpense Load (0.3ms)[0m   [0;1mSELECT * FROM "expenses" WHERE ("expenses".event_id = 2) [0m
  [4;35;1mVendor Load (0.2ms)[0m   [0mSELECT * FROM "vendors" WHERE ("vendors"."id" = 1) [0m
  [4;36;1mCACHE (0.0ms)[0m   [0;1mSELECT * FROM "vendors" WHERE ("vendors"."id" = 1) [0m
  [4;35;1mSQL (0.2ms)[0m   [0mSELECT sum("expenses".amount) AS sum_amount FROM "expenses" WHERE ("expenses".event_id = 2) [0m
  [4;36;1mCACHE (0.0ms)[0m   [0;1mSELECT sum("expenses".amount) AS sum_amount FROM "expenses" WHERE ("expenses".event_id = 2) [0m
Rendered events/_expenses (7.7ms)
Completed in 29ms (View: 16, DB: 1) | 200 OK [http://localhost/events/2]


Processing ExpensesController#create (for 127.0.0.1 at 2009-06-17 22:38:01) [POST]
  Parameters: {"event_id"=>"2", "commit"=>"Add this expense", "expense"=>{"vendor_id"=>"1", "amount"=>"80"}, "authenticity_token"=>"U7FeuVakxIUvSE0f8yChf4Igha3EW4VT90uB4v/8y98="}
  [4;35;1mEvent Load (0.2ms)[0m   [0mSELECT * FROM "events" WHERE ("events"."id" = 2) [0m
  [4;36;1mExpense Create (0.3ms)[0m   [0;1mINSERT INTO "expenses" ("event_id", "vendor_id", "updated_at", "amount", "created_at") VALUES(2, 1, '2009-06-17 19:38:01', 80.0, '2009-06-17 19:38:01')[0m
Redirected to http://localhost:3000/events/2
Completed in 14ms (DB: 1) | 302 Found [http://localhost/events/2/expenses]


Processing EventsController#show (for 127.0.0.1 at 2009-06-17 22:38:01) [GET]
  Parameters: {"id"=>"2"}
  [4;35;1mEvent Load (0.2ms)[0m   [0mSELECT * FROM "events" WHERE ("events"."id" = 2) [0m
  [4;36;1mVendor Load (0.6ms)[0m   [0;1mSELECT * FROM "vendors" ORDER BY name[0m
Rendering template within layouts/events
Rendering events/show
  [4;35;1mExpense Load (0.3ms)[0m   [0mSELECT * FROM "expenses" WHERE ("expenses".event_id = 2) [0m
  [4;36;1mVendor Load (0.2ms)[0m   [0;1mSELECT * FROM "vendors" WHERE ("vendors"."id" = 1) [0m
  [4;35;1mCACHE (0.0ms)[0m   [0mSELECT * FROM "vendors" WHERE ("vendors"."id" = 1) [0m
  [4;36;1mCACHE (0.0ms)[0m   [0;1mSELECT * FROM "vendors" WHERE ("vendors"."id" = 1) [0m
  [4;35;1mSQL (0.2ms)[0m   [0mSELECT sum("expenses".amount) AS sum_amount FROM "expenses" WHERE ("expenses".event_id = 2) [0m
  [4;36;1mCACHE (0.0ms)[0m   [0;1mSELECT sum("expenses".amount) AS sum_amount FROM "expenses" WHERE ("expenses".event_id = 2) [0m
Rendered events/_expenses (8.7ms)
Completed in 77ms (View: 12, DB: 1) | 200 OK [http://localhost/events/2]


Processing ExpensesController#create (for 127.0.0.1 at 2009-06-17 22:45:21) [POST]
  Parameters: {"event_id"=>"2", "commit"=>"Add this expense", "expense"=>{"vendor_id"=>"1", "amount"=>"80"}, "authenticity_token"=>"U7FeuVakxIUvSE0f8yChf4Igha3EW4VT90uB4v/8y98="}
  [4;35;1mEvent Load (0.2ms)[0m   [0mSELECT * FROM "events" WHERE ("events"."id" = 2) [0m
  [4;36;1mExpense Create (0.4ms)[0m   [0;1mINSERT INTO "expenses" ("event_id", "vendor_id", "updated_at", "amount", "created_at") VALUES(2, 1, '2009-06-17 19:45:21', 80.0, '2009-06-17 19:45:21')[0m

ActionView::MissingTemplate (Missing template expenses/create.erb in view path app/views):
  app/controllers/expenses_controller.rb:6:in `create'

Rendering rescues/layout (internal_server_error)


Processing ExpensesController#create (for 127.0.0.1 at 2009-06-17 22:45:22) [POST]
  Parameters: {"event_id"=>"2", "commit"=>"Add this expense", "expense"=>{"vendor_id"=>"1", "amount"=>"80"}, "authenticity_token"=>"U7FeuVakxIUvSE0f8yChf4Igha3EW4VT90uB4v/8y98="}
  [4;35;1mEvent Load (0.2ms)[0m   [0mSELECT * FROM "events" WHERE ("events"."id" = 2) [0m
  [4;36;1mExpense Create (0.3ms)[0m   [0;1mINSERT INTO "expenses" ("event_id", "vendor_id", "updated_at", "amount", "created_at") VALUES(2, 1, '2009-06-17 19:45:22', 80.0, '2009-06-17 19:45:22')[0m

ActionView::MissingTemplate (Missing template expenses/create.erb in view path app/views):
  app/controllers/expenses_controller.rb:6:in `create'

Rendering rescues/layout (internal_server_error)


Processing EventsController#show (for 127.0.0.1 at 2009-06-17 22:45:24) [GET]
  Parameters: {"id"=>"2"}
  [4;35;1mEvent Load (0.2ms)[0m   [0mSELECT * FROM "events" WHERE ("events"."id" = 2) [0m
  [4;36;1mVendor Load (0.5ms)[0m   [0;1mSELECT * FROM "vendors" ORDER BY name[0m
Rendering template within layouts/events
Rendering events/show
  [4;35;1mExpense Load (0.4ms)[0m   [0mSELECT * FROM "expenses" WHERE ("expenses".event_id = 2) [0m
  [4;36;1mVendor Load (0.2ms)[0m   [0;1mSELECT * FROM "vendors" WHERE ("vendors"."id" = 1) [0m
  [4;35;1mCACHE (0.0ms)[0m   [0mSELECT * FROM "vendors" WHERE ("vendors"."id" = 1) [0m
  [4;36;1mCACHE (0.0ms)[0m   [0;1mSELECT * FROM "vendors" WHERE ("vendors"."id" = 1) [0m
  [4;35;1mCACHE (0.0ms)[0m   [0mSELECT * FROM "vendors" WHERE ("vendors"."id" = 1) [0m
  [4;36;1mCACHE (0.0ms)[0m   [0;1mSELECT * FROM "vendors" WHERE ("vendors"."id" = 1) [0m
  [4;35;1mSQL (0.2ms)[0m   [0mSELECT sum("expenses".amount) AS sum_amount FROM "expenses" WHERE ("expenses".event_id = 2) [0m
  [4;36;1mCACHE (0.0ms)[0m   [0;1mSELECT sum("expenses".amount) AS sum_amount FROM "expenses" WHERE ("expenses".event_id = 2) [0m
Rendered events/_expenses (10.2ms)
Completed in 24ms (View: 13, DB: 1) | 200 OK [http://localhost/events/2]


Processing ExpensesController#create (for 127.0.0.1 at 2009-06-17 22:45:27) [POST]
  Parameters: {"event_id"=>"2", "commit"=>"Add this expense", "expense"=>{"vendor_id"=>"1", "amount"=>"80"}, "authenticity_token"=>"U7FeuVakxIUvSE0f8yChf4Igha3EW4VT90uB4v/8y98="}
  [4;35;1mEvent Load (0.2ms)[0m   [0mSELECT * FROM "events" WHERE ("events"."id" = 2) [0m
  [4;36;1mExpense Create (0.3ms)[0m   [0;1mINSERT INTO "expenses" ("event_id", "vendor_id", "updated_at", "amount", "created_at") VALUES(2, 1, '2009-06-17 19:45:27', 80.0, '2009-06-17 19:45:27')[0m

ActionView::MissingTemplate (Missing template expenses/create.erb in view path app/views):
  app/controllers/expenses_controller.rb:6:in `create'

Rendering rescues/layout (internal_server_error)


Processing ExpensesController#create (for 127.0.0.1 at 2009-06-17 22:45:33) [POST]
  Parameters: {"event_id"=>"2", "commit"=>"Add this expense", "expense"=>{"vendor_id"=>"1", "amount"=>"80"}, "authenticity_token"=>"U7FeuVakxIUvSE0f8yChf4Igha3EW4VT90uB4v/8y98="}
  [4;35;1mEvent Load (0.2ms)[0m   [0mSELECT * FROM "events" WHERE ("events"."id" = 2) [0m
  [4;36;1mExpense Create (0.3ms)[0m   [0;1mINSERT INTO "expenses" ("event_id", "vendor_id", "updated_at", "amount", "created_at") VALUES(2, 1, '2009-06-17 19:45:33', 80.0, '2009-06-17 19:45:33')[0m

ActionView::MissingTemplate (Missing template expenses/create.erb in view path app/views):
  app/controllers/expenses_controller.rb:6:in `create'

Rendering rescues/layout (internal_server_error)


Processing EventsController#show (for 127.0.0.1 at 2009-06-17 22:45:34) [GET]
  Parameters: {"id"=>"2"}
  [4;35;1mEvent Load (0.2ms)[0m   [0mSELECT * FROM "events" WHERE ("events"."id" = 2) [0m
  [4;36;1mVendor Load (0.5ms)[0m   [0;1mSELECT * FROM "vendors" ORDER BY name[0m
Rendering template within layouts/events
Rendering events/show
  [4;35;1mExpense Load (0.5ms)[0m   [0mSELECT * FROM "expenses" WHERE ("expenses".event_id = 2) [0m
  [4;36;1mVendor Load (0.2ms)[0m   [0;1mSELECT * FROM "vendors" WHERE ("vendors"."id" = 1) [0m
  [4;35;1mCACHE (0.0ms)[0m   [0mSELECT * FROM "vendors" WHERE ("vendors"."id" = 1) [0m
  [4;36;1mCACHE (0.0ms)[0m   [0;1mSELECT * FROM "vendors" WHERE ("vendors"."id" = 1) [0m
  [4;35;1mCACHE (0.0ms)[0m   [0mSELECT * FROM "vendors" WHERE ("vendors"."id" = 1) [0m
  [4;36;1mCACHE (0.0ms)[0m   [0;1mSELECT * FROM "vendors" WHERE ("vendors"."id" = 1) [0m
  [4;35;1mCACHE (0.0ms)[0m   [0mSELECT * FROM "vendors" WHERE ("vendors"."id" = 1) [0m
  [4;36;1mCACHE (0.0ms)[0m   [0;1mSELECT * FROM "vendors" WHERE ("vendors"."id" = 1) [0m
  [4;35;1mSQL (0.2ms)[0m   [0mSELECT sum("expenses".amount) AS sum_amount FROM "expenses" WHERE ("expenses".event_id = 2) [0m
  [4;36;1mCACHE (0.0ms)[0m   [0;1mSELECT sum("expenses".amount) AS sum_amount FROM "expenses" WHERE ("expenses".event_id = 2) [0m
Rendered events/_expenses (11.8ms)
Completed in 26ms (View: 14, DB: 2) | 200 OK [http://localhost/events/2]


Processing ExpensesController#create (for 127.0.0.1 at 2009-06-17 22:46:54) [POST]
  Parameters: {"event_id"=>"2", "commit"=>"Add this expense", "expense"=>{"vendor_id"=>"1", "amount"=>"80"}, "authenticity_token"=>"U7FeuVakxIUvSE0f8yChf4Igha3EW4VT90uB4v/8y98="}
  [4;35;1mEvent Load (0.2ms)[0m   [0mSELECT * FROM "events" WHERE ("events"."id" = 2) [0m
  [4;36;1mExpense Create (0.3ms)[0m   [0;1mINSERT INTO "expenses" ("event_id", "vendor_id", "updated_at", "amount", "created_at") VALUES(2, 1, '2009-06-17 19:46:54', 80.0, '2009-06-17 19:46:54')[0m
Rendering expenses/create
  [4;35;1mExpense Load (0.6ms)[0m   [0mSELECT * FROM "expenses" WHERE ("expenses".event_id = 2) [0m
  [4;36;1mVendor Load (0.2ms)[0m   [0;1mSELECT * FROM "vendors" WHERE ("vendors"."id" = 1) [0m
  [4;35;1mCACHE (0.0ms)[0m   [0mSELECT * FROM "vendors" WHERE ("vendors"."id" = 1) [0m
  [4;36;1mCACHE (0.0ms)[0m   [0;1mSELECT * FROM "vendors" WHERE ("vendors"."id" = 1) [0m
  [4;35;1mCACHE (0.0ms)[0m   [0mSELECT * FROM "vendors" WHERE ("vendors"."id" = 1) [0m
  [4;36;1mCACHE (0.0ms)[0m   [0;1mSELECT * FROM "vendors" WHERE ("vendors"."id" = 1) [0m
  [4;35;1mCACHE (0.0ms)[0m   [0mSELECT * FROM "vendors" WHERE ("vendors"."id" = 1) [0m
  [4;36;1mCACHE (0.0ms)[0m   [0;1mSELECT * FROM "vendors" WHERE ("vendors"."id" = 1) [0m
  [4;35;1mCACHE (0.0ms)[0m   [0mSELECT * FROM "vendors" WHERE ("vendors"."id" = 1) [0m
  [4;36;1mSQL (0.2ms)[0m   [0;1mSELECT sum("expenses".amount) AS sum_amount FROM "expenses" WHERE ("expenses".event_id = 2) [0m
  [4;35;1mCACHE (0.0ms)[0m   [0mSELECT sum("expenses".amount) AS sum_amount FROM "expenses" WHERE ("expenses".event_id = 2) [0m
Rendered events/_expenses (12.7ms)
Completed in 32ms (View: 18, DB: 1) | 200 OK [http://localhost/events/2/expenses]


Processing ExpensesController#create (for 127.0.0.1 at 2009-06-17 22:47:00) [POST]
  Parameters: {"event_id"=>"2", "commit"=>"Add this expense", "expense"=>{"vendor_id"=>"1", "amount"=>"280"}, "authenticity_token"=>"U7FeuVakxIUvSE0f8yChf4Igha3EW4VT90uB4v/8y98="}
  [4;36;1mEvent Load (0.2ms)[0m   [0;1mSELECT * FROM "events" WHERE ("events"."id" = 2) [0m
  [4;35;1mExpense Create (0.4ms)[0m   [0mINSERT INTO "expenses" ("event_id", "vendor_id", "updated_at", "amount", "created_at") VALUES(2, 1, '2009-06-17 19:47:00', 280.0, '2009-06-17 19:47:00')[0m
Rendering expenses/create
  [4;36;1mExpense Load (0.6ms)[0m   [0;1mSELECT * FROM "expenses" WHERE ("expenses".event_id = 2) [0m
  [4;35;1mVendor Load (0.2ms)[0m   [0mSELECT * FROM "vendors" WHERE ("vendors"."id" = 1) [0m
  [4;36;1mCACHE (0.0ms)[0m   [0;1mSELECT * FROM "vendors" WHERE ("vendors"."id" = 1) [0m
  [4;35;1mCACHE (0.0ms)[0m   [0mSELECT * FROM "vendors" WHERE ("vendors"."id" = 1) [0m
  [4;36;1mCACHE (0.0ms)[0m   [0;1mSELECT * FROM "vendors" WHERE ("vendors"."id" = 1) [0m
  [4;35;1mCACHE (0.0ms)[0m   [0mSELECT * FROM "vendors" WHERE ("vendors"."id" = 1) [0m
  [4;36;1mCACHE (0.0ms)[0m   [0;1mSELECT * FROM "vendors" WHERE ("vendors"."id" = 1) [0m
  [4;35;1mCACHE (0.0ms)[0m   [0mSELECT * FROM "vendors" WHERE ("vendors"."id" = 1) [0m
  [4;36;1mCACHE (0.0ms)[0m   [0;1mSELECT * FROM "vendors" WHERE ("vendors"."id" = 1) [0m
  [4;35;1mCACHE (0.0ms)[0m   [0mSELECT * FROM "vendors" WHERE ("vendors"."id" = 1) [0m
  [4;36;1mSQL (0.2ms)[0m   [0;1mSELECT sum("expenses".amount) AS sum_amount FROM "expenses" WHERE ("expenses".event_id = 2) [0m
  [4;35;1mCACHE (0.0ms)[0m   [0mSELECT sum("expenses".amount) AS sum_amount FROM "expenses" WHERE ("expenses".event_id = 2) [0m
Rendered events/_expenses (15.2ms)
Completed in 30ms (View: 16, DB: 1) | 200 OK [http://localhost/events/2/expenses]


Processing EventsController#show (for 127.0.0.1 at 2009-06-17 22:50:31) [GET]
  Parameters: {"id"=>"2"}
  [4;36;1mEvent Load (0.2ms)[0m   [0;1mSELECT * FROM "events" WHERE ("events"."id" = 2) [0m
  [4;35;1mVendor Load (0.6ms)[0m   [0mSELECT * FROM "vendors" ORDER BY name[0m
Rendering template within layouts/events
Rendering events/show
  [4;36;1mExpense Load (0.6ms)[0m   [0;1mSELECT * FROM "expenses" WHERE ("expenses".event_id = 2) [0m
  [4;35;1mVendor Load (0.2ms)[0m   [0mSELECT * FROM "vendors" WHERE ("vendors"."id" = 1) [0m
  [4;36;1mCACHE (0.0ms)[0m   [0;1mSELECT * FROM "vendors" WHERE ("vendors"."id" = 1) [0m
  [4;35;1mCACHE (0.0ms)[0m   [0mSELECT * FROM "vendors" WHERE ("vendors"."id" = 1) [0m
  [4;36;1mCACHE (0.0ms)[0m   [0;1mSELECT * FROM "vendors" WHERE ("vendors"."id" = 1) [0m
  [4;35;1mCACHE (0.0ms)[0m   [0mSELECT * FROM "vendors" WHERE ("vendors"."id" = 1) [0m
  [4;36;1mCACHE (0.0ms)[0m   [0;1mSELECT * FROM "vendors" WHERE ("vendors"."id" = 1) [0m
  [4;35;1mCACHE (0.0ms)[0m   [0mSELECT * FROM "vendors" WHERE ("vendors"."id" = 1) [0m
  [4;36;1mCACHE (0.0ms)[0m   [0;1mSELECT * FROM "vendors" WHERE ("vendors"."id" = 1) [0m
  [4;35;1mCACHE (0.0ms)[0m   [0mSELECT * FROM "vendors" WHERE ("vendors"."id" = 1) [0m
  [4;36;1mSQL (0.2ms)[0m   [0;1mSELECT sum("expenses".amount) AS sum_amount FROM "expenses" WHERE ("expenses".event_id = 2) [0m
  [4;35;1mCACHE (0.0ms)[0m   [0mSELECT sum("expenses".amount) AS sum_amount FROM "expenses" WHERE ("expenses".event_id = 2) [0m
Rendered events/_expenses (16.8ms)
Completed in 32ms (View: 21, DB: 2) | 200 OK [http://localhost/events/2]


Processing EventsController#show (for 127.0.0.1 at 2009-06-17 22:51:01) [GET]
  Parameters: {"id"=>"2"}
  [4;36;1mEvent Load (0.2ms)[0m   [0;1mSELECT * FROM "events" WHERE ("events"."id" = 2) [0m
  [4;35;1mVendor Load (0.8ms)[0m   [0mSELECT * FROM "vendors" ORDER BY name[0m
Rendering template within layouts/events
Rendering events/show
  [4;36;1mExpense Load (0.6ms)[0m   [0;1mSELECT * FROM "expenses" WHERE ("expenses".event_id = 2) [0m
  [4;35;1mVendor Load (0.2ms)[0m   [0mSELECT * FROM "vendors" WHERE ("vendors"."id" = 1) [0m
  [4;36;1mCACHE (0.0ms)[0m   [0;1mSELECT * FROM "vendors" WHERE ("vendors"."id" = 1) [0m
  [4;35;1mCACHE (0.0ms)[0m   [0mSELECT * FROM "vendors" WHERE ("vendors"."id" = 1) [0m
  [4;36;1mCACHE (0.0ms)[0m   [0;1mSELECT * FROM "vendors" WHERE ("vendors"."id" = 1) [0m
  [4;35;1mCACHE (0.0ms)[0m   [0mSELECT * FROM "vendors" WHERE ("vendors"."id" = 1) [0m
  [4;36;1mCACHE (0.0ms)[0m   [0;1mSELECT * FROM "vendors" WHERE ("vendors"."id" = 1) [0m
  [4;35;1mCACHE (0.0ms)[0m   [0mSELECT * FROM "vendors" WHERE ("vendors"."id" = 1) [0m
  [4;36;1mCACHE (0.0ms)[0m   [0;1mSELECT * FROM "vendors" WHERE ("vendors"."id" = 1) [0m
  [4;35;1mCACHE (0.0ms)[0m   [0mSELECT * FROM "vendors" WHERE ("vendors"."id" = 1) [0m
  [4;36;1mSQL (0.2ms)[0m   [0;1mSELECT sum("expenses".amount) AS sum_amount FROM "expenses" WHERE ("expenses".event_id = 2) [0m
  [4;35;1mCACHE (0.0ms)[0m   [0mSELECT sum("expenses".amount) AS sum_amount FROM "expenses" WHERE ("expenses".event_id = 2) [0m
Rendered events/_expenses (19.6ms)
Completed in 90ms (View: 24, DB: 2) | 200 OK [http://localhost/events/2]


Processing ExpensesController#destroy (for 127.0.0.1 at 2009-06-17 22:51:16) [DELETE]
  Parameters: {"event_id"=>"2", "authenticity_token"=>"U7FeuVakxIUvSE0f8yChf4Igha3EW4VT90uB4v/8y98=", "id"=>"3"}

ActionController::UnknownAction (No action responded to destroy. Actions: create):
  

Rendering rescues/layout (not_found)


Processing EventsController#show (for 127.0.0.1 at 2009-06-17 23:00:53) [GET]
  Parameters: {"id"=>"2"}
  [4;36;1mEvent Load (0.2ms)[0m   [0;1mSELECT * FROM "events" WHERE ("events"."id" = 2) [0m
  [4;35;1mVendor Load (0.5ms)[0m   [0mSELECT * FROM "vendors" ORDER BY name[0m
Rendering template within layouts/events
Rendering events/show
  [4;36;1mExpense Load (0.6ms)[0m   [0;1mSELECT * FROM "expenses" WHERE ("expenses".event_id = 2) [0m
  [4;35;1mVendor Load (0.2ms)[0m   [0mSELECT * FROM "vendors" WHERE ("vendors"."id" = 1) [0m
  [4;36;1mCACHE (0.0ms)[0m   [0;1mSELECT * FROM "vendors" WHERE ("vendors"."id" = 1) [0m
  [4;35;1mCACHE (0.0ms)[0m   [0mSELECT * FROM "vendors" WHERE ("vendors"."id" = 1) [0m
  [4;36;1mCACHE (0.0ms)[0m   [0;1mSELECT * FROM "vendors" WHERE ("vendors"."id" = 1) [0m
  [4;35;1mCACHE (0.0ms)[0m   [0mSELECT * FROM "vendors" WHERE ("vendors"."id" = 1) [0m
  [4;36;1mCACHE (0.0ms)[0m   [0;1mSELECT * FROM "vendors" WHERE ("vendors"."id" = 1) [0m
  [4;35;1mCACHE (0.0ms)[0m   [0mSELECT * FROM "vendors" WHERE ("vendors"."id" = 1) [0m
  [4;36;1mCACHE (0.0ms)[0m   [0;1mSELECT * FROM "vendors" WHERE ("vendors"."id" = 1) [0m
  [4;35;1mCACHE (0.0ms)[0m   [0mSELECT * FROM "vendors" WHERE ("vendors"."id" = 1) [0m
  [4;36;1mSQL (0.2ms)[0m   [0;1mSELECT sum("expenses".amount) AS sum_amount FROM "expenses" WHERE ("expenses".event_id = 2) [0m
  [4;35;1mCACHE (0.0ms)[0m   [0mSELECT sum("expenses".amount) AS sum_amount FROM "expenses" WHERE ("expenses".event_id = 2) [0m
Rendered events/_expenses (15.1ms)
Completed in 29ms (View: 17, DB: 2) | 200 OK [http://localhost/events/2]


Processing ExpensesController#destroy (for 127.0.0.1 at 2009-06-17 23:00:57) [DELETE]
  Parameters: {"event_id"=>"2", "authenticity_token"=>"U7FeuVakxIUvSE0f8yChf4Igha3EW4VT90uB4v/8y98=", "id"=>"4"}
  [4;36;1mEvent Load (0.2ms)[0m   [0;1mSELECT * FROM "events" WHERE ("events"."id" = 2) [0m
  [4;35;1mExpense Load (0.2ms)[0m   [0mSELECT * FROM "expenses" WHERE ("expenses"."id" = 4 AND ("expenses".event_id = 2)) [0m
  [4;36;1mExpense Destroy (0.3ms)[0m   [0;1mDELETE FROM "expenses" WHERE "id" = 4[0m
Rendering expenses/destroy
  [4;35;1mExpense Load (0.9ms)[0m   [0mSELECT * FROM "expenses" WHERE ("expenses".event_id = 2) [0m
  [4;36;1mVendor Load (0.2ms)[0m   [0;1mSELECT * FROM "vendors" WHERE ("vendors"."id" = 1) [0m
  [4;35;1mCACHE (0.0ms)[0m   [0mSELECT * FROM "vendors" WHERE ("vendors"."id" = 1) [0m
  [4;36;1mCACHE (0.0ms)[0m   [0;1mSELECT * FROM "vendors" WHERE ("vendors"."id" = 1) [0m
  [4;35;1mCACHE (0.0ms)[0m   [0mSELECT * FROM "vendors" WHERE ("vendors"."id" = 1) [0m
  [4;36;1mCACHE (0.0ms)[0m   [0;1mSELECT * FROM "vendors" WHERE ("vendors"."id" = 1) [0m
  [4;35;1mCACHE (0.0ms)[0m   [0mSELECT * FROM "vendors" WHERE ("vendors"."id" = 1) [0m
  [4;36;1mCACHE (0.0ms)[0m   [0;1mSELECT * FROM "vendors" WHERE ("vendors"."id" = 1) [0m
  [4;35;1mCACHE (0.0ms)[0m   [0mSELECT * FROM "vendors" WHERE ("vendors"."id" = 1) [0m
  [4;36;1mSQL (0.2ms)[0m   [0;1mSELECT sum("expenses".amount) AS sum_amount FROM "expenses" WHERE ("expenses".event_id = 2) [0m
  [4;35;1mCACHE (0.0ms)[0m   [0mSELECT sum("expenses".amount) AS sum_amount FROM "expenses" WHERE ("expenses".event_id = 2) [0m
Rendered events/_expenses (18.1ms)
Completed in 44ms (View: 26, DB: 2) | 200 OK [http://localhost/events/2/expenses/4]


Processing EventsController#index (for 127.0.0.1 at 2009-06-19 15:31:57) [GET]
  [4;36;1mEvent Load (0.5ms)[0m   [0;1mSELECT * FROM "events" [0m
Rendering template within layouts/events
Rendering events/index
Completed in 53ms (View: 32, DB: 1) | 200 OK [http://localhost/events]


Processing EventsController#show (for 127.0.0.1 at 2009-06-19 15:32:00) [GET]
  Parameters: {"id"=>"2"}
  [4;35;1mEvent Load (0.2ms)[0m   [0mSELECT * FROM "events" WHERE ("events"."id" = 2) [0m
  [4;36;1mVendor Load (0.7ms)[0m   [0;1mSELECT * FROM "vendors" ORDER BY name[0m
Rendering template within layouts/events
Rendering events/show
  [4;35;1mExpense Load (0.7ms)[0m   [0mSELECT * FROM "expenses" WHERE ("expenses".event_id = 2) [0m
  [4;36;1mVendor Load (0.2ms)[0m   [0;1mSELECT * FROM "vendors" WHERE ("vendors"."id" = 1) [0m
  [4;35;1mCACHE (0.0ms)[0m   [0mSELECT * FROM "vendors" WHERE ("vendors"."id" = 1) [0m
  [4;36;1mCACHE (0.0ms)[0m   [0;1mSELECT * FROM "vendors" WHERE ("vendors"."id" = 1) [0m
  [4;35;1mCACHE (0.0ms)[0m   [0mSELECT * FROM "vendors" WHERE ("vendors"."id" = 1) [0m
  [4;36;1mCACHE (0.0ms)[0m   [0;1mSELECT * FROM "vendors" WHERE ("vendors"."id" = 1) [0m
  [4;35;1mCACHE (0.0ms)[0m   [0mSELECT * FROM "vendors" WHERE ("vendors"."id" = 1) [0m
  [4;36;1mCACHE (0.0ms)[0m   [0;1mSELECT * FROM "vendors" WHERE ("vendors"."id" = 1) [0m
  [4;35;1mCACHE (0.0ms)[0m   [0mSELECT * FROM "vendors" WHERE ("vendors"."id" = 1) [0m
  [4;36;1mSQL (0.2ms)[0m   [0;1mSELECT sum("expenses".amount) AS sum_amount FROM "expenses" WHERE ("expenses".event_id = 2) [0m
  [4;35;1mCACHE (0.0ms)[0m   [0mSELECT sum("expenses".amount) AS sum_amount FROM "expenses" WHERE ("expenses".event_id = 2) [0m
Rendered events/_expenses (16.1ms)
Completed in 383ms (View: 50, DB: 2) | 200 OK [http://localhost/events/2]
